# Logfile created on 2013-12-30 18:10:16 -0500 by logger.rb/44203
I, [2013-12-30T18:10:16.553771 #4829]  INFO -- : 0:  rake (10.1.1) from /home/francis/.rvm/gems/ruby-2.1.0/specifications/rake-10.1.1.gemspec
I, [2013-12-30T18:10:16.554241 #4829]  INFO -- : 0:  i18n (0.6.9) from /home/francis/.rvm/gems/ruby-2.1.0/specifications/i18n-0.6.9.gemspec
I, [2013-12-30T18:10:16.554581 #4829]  INFO -- : 0:  minitest (4.7.5) from /home/francis/.rvm/rubies/ruby-2.1.0/lib/ruby/gems/2.1.0/specifications/default/minitest-4.7.5.gemspec
I, [2013-12-30T18:10:16.554931 #4829]  INFO -- : 0:  multi_json (1.8.2) from /home/francis/.rvm/gems/ruby-2.1.0/specifications/multi_json-1.8.2.gemspec
I, [2013-12-30T18:10:16.555227 #4829]  INFO -- : 0:  atomic (1.1.14) from /home/francis/.rvm/gems/ruby-2.1.0/specifications/atomic-1.1.14.gemspec
I, [2013-12-30T18:10:16.555514 #4829]  INFO -- : 0:  thread_safe (0.1.3) from /home/francis/.rvm/gems/ruby-2.1.0/specifications/thread_safe-0.1.3.gemspec
I, [2013-12-30T18:10:16.555809 #4829]  INFO -- : 0:  tzinfo (0.3.38) from /home/francis/.rvm/gems/ruby-2.1.0/specifications/tzinfo-0.3.38.gemspec
I, [2013-12-30T18:10:16.556105 #4829]  INFO -- : 0:  activesupport (4.0.2) from /home/francis/.rvm/gems/ruby-2.1.0/specifications/activesupport-4.0.2.gemspec
I, [2013-12-30T18:10:16.556391 #4829]  INFO -- : 0:  builder (3.1.4) from /home/francis/.rvm/gems/ruby-2.1.0/specifications/builder-3.1.4.gemspec
I, [2013-12-30T18:10:16.556760 #4829]  INFO -- : 0:  erubis (2.7.0) from /home/francis/.rvm/gems/ruby-2.1.0/specifications/erubis-2.7.0.gemspec
I, [2013-12-30T18:10:16.557089 #4829]  INFO -- : 0:  rack (1.5.2) from /home/francis/.rvm/gems/ruby-2.1.0/specifications/rack-1.5.2.gemspec
I, [2013-12-30T18:10:16.557381 #4829]  INFO -- : 0:  rack-test (0.6.2) from /home/francis/.rvm/gems/ruby-2.1.0/specifications/rack-test-0.6.2.gemspec
I, [2013-12-30T18:10:16.559205 #4829]  INFO -- : 0:  actionpack (4.0.2) from /home/francis/.rvm/gems/ruby-2.1.0/specifications/actionpack-4.0.2.gemspec
I, [2013-12-30T18:10:16.559562 #4829]  INFO -- : 0:  mime-types (1.25.1) from /home/francis/.rvm/gems/ruby-2.1.0/specifications/mime-types-1.25.1.gemspec
I, [2013-12-30T18:10:16.559876 #4829]  INFO -- : 0:  polyglot (0.3.3) from /home/francis/.rvm/gems/ruby-2.1.0/specifications/polyglot-0.3.3.gemspec
I, [2013-12-30T18:10:16.560171 #4829]  INFO -- : 0:  treetop (1.4.15) from /home/francis/.rvm/gems/ruby-2.1.0/specifications/treetop-1.4.15.gemspec
I, [2013-12-30T18:10:16.560491 #4829]  INFO -- : 0:  mail (2.5.4) from /home/francis/.rvm/gems/ruby-2.1.0/specifications/mail-2.5.4.gemspec
I, [2013-12-30T18:10:16.560784 #4829]  INFO -- : 0:  actionmailer (4.0.2) from /home/francis/.rvm/gems/ruby-2.1.0/specifications/actionmailer-4.0.2.gemspec
I, [2013-12-30T18:10:16.561092 #4829]  INFO -- : 0:  activemodel (4.0.2) from /home/francis/.rvm/gems/ruby-2.1.0/specifications/activemodel-4.0.2.gemspec
I, [2013-12-30T18:10:16.561386 #4829]  INFO -- : 0:  activerecord-deprecated_finders (1.0.3) from /home/francis/.rvm/gems/ruby-2.1.0/specifications/activerecord-deprecated_finders-1.0.3.gemspec
I, [2013-12-30T18:10:16.561679 #4829]  INFO -- : 0:  arel (4.0.1) from /home/francis/.rvm/gems/ruby-2.1.0/specifications/arel-4.0.1.gemspec
I, [2013-12-30T18:10:16.561963 #4829]  INFO -- : 0:  activerecord (4.0.2) from /home/francis/.rvm/gems/ruby-2.1.0/specifications/activerecord-4.0.2.gemspec
I, [2013-12-30T18:10:16.562238 #4829]  INFO -- : 0:  sass (3.2.13) from /home/francis/.rvm/gems/ruby-2.1.0/specifications/sass-3.2.13.gemspec
I, [2013-12-30T18:10:16.562528 #4829]  INFO -- : 0:  bootstrap-sass (3.0.3.0) from /home/francis/.rvm/gems/ruby-2.1.0/specifications/bootstrap-sass-3.0.3.0.gemspec
I, [2013-12-30T18:10:16.562835 #4829]  INFO -- : 0:  bundler (1.5.1) from /home/francis/.rvm/gems/ruby-2.1.0@global/specifications/bundler-1.5.1.gemspec
I, [2013-12-30T18:10:16.563139 #4829]  INFO -- : 0:  coffee-script-source (1.6.3) from /home/francis/.rvm/gems/ruby-2.1.0/specifications/coffee-script-source-1.6.3.gemspec
I, [2013-12-30T18:10:16.563416 #4829]  INFO -- : 0:  execjs (2.0.2) from /home/francis/.rvm/gems/ruby-2.1.0/specifications/execjs-2.0.2.gemspec
I, [2013-12-30T18:10:16.563768 #4829]  INFO -- : 0:  coffee-script (2.2.0) from /home/francis/.rvm/gems/ruby-2.1.0/specifications/coffee-script-2.2.0.gemspec
I, [2013-12-30T18:10:16.564057 #4829]  INFO -- : 0:  thor (0.18.1) from /home/francis/.rvm/gems/ruby-2.1.0/specifications/thor-0.18.1.gemspec
I, [2013-12-30T18:10:16.564420 #4829]  INFO -- : 0:  railties (4.0.2) from /home/francis/.rvm/gems/ruby-2.1.0/specifications/railties-4.0.2.gemspec
I, [2013-12-30T18:10:16.564715 #4829]  INFO -- : 0:  coffee-rails (4.0.1) from /home/francis/.rvm/gems/ruby-2.1.0/specifications/coffee-rails-4.0.1.gemspec
I, [2013-12-30T18:10:16.565014 #4829]  INFO -- : 0:  daemons (1.1.9) from /home/francis/.rvm/gems/ruby-2.1.0/specifications/daemons-1.1.9.gemspec
I, [2013-12-30T18:10:16.565299 #4829]  INFO -- : 0:  eventmachine (1.0.3) from /home/francis/.rvm/gems/ruby-2.1.0/specifications/eventmachine-1.0.3.gemspec
I, [2013-12-30T18:10:16.565603 #4829]  INFO -- : 0:  tilt (1.4.1) from /home/francis/.rvm/gems/ruby-2.1.0/specifications/tilt-1.4.1.gemspec
I, [2013-12-30T18:10:16.565894 #4829]  INFO -- : 0:  haml (4.0.4) from /home/francis/.rvm/gems/ruby-2.1.0/specifications/haml-4.0.4.gemspec
I, [2013-12-30T18:10:16.566177 #4829]  INFO -- : 0:  hike (1.2.3) from /home/francis/.rvm/gems/ruby-2.1.0/specifications/hike-1.2.3.gemspec
I, [2013-12-30T18:10:16.566537 #4829]  INFO -- : 0:  jbuilder (1.5.3) from /home/francis/.rvm/gems/ruby-2.1.0/specifications/jbuilder-1.5.3.gemspec
I, [2013-12-30T18:10:16.567004 #4829]  INFO -- : 0:  jquery-rails (3.0.4) from /home/francis/.rvm/gems/ruby-2.1.0/specifications/jquery-rails-3.0.4.gemspec
I, [2013-12-30T18:10:16.567523 #4829]  INFO -- : 0:  json (1.8.1) from /home/francis/.rvm/rubies/ruby-2.1.0/lib/ruby/gems/2.1.0/specifications/default/json-1.8.1.gemspec
I, [2013-12-30T18:10:16.568219 #4829]  INFO -- : 0:  libv8 (3.16.14.3) from /home/francis/.rvm/gems/ruby-2.1.0/specifications/libv8-3.16.14.3-x86_64-linux.gemspec
I, [2013-12-30T18:10:16.568660 #4829]  INFO -- : 0:  pg (0.17.1) from /home/francis/.rvm/gems/ruby-2.1.0/specifications/pg-0.17.1.gemspec
I, [2013-12-30T18:10:16.569040 #4829]  INFO -- : 0:  sprockets (2.10.1) from /home/francis/.rvm/gems/ruby-2.1.0/specifications/sprockets-2.10.1.gemspec
I, [2013-12-30T18:10:16.569427 #4829]  INFO -- : 0:  sprockets-rails (2.0.1) from /home/francis/.rvm/gems/ruby-2.1.0/specifications/sprockets-rails-2.0.1.gemspec
I, [2013-12-30T18:10:16.569819 #4829]  INFO -- : 0:  rails (4.0.2) from /home/francis/.rvm/gems/ruby-2.1.0/specifications/rails-4.0.2.gemspec
I, [2013-12-30T18:10:16.570192 #4829]  INFO -- : 0:  rails_serve_static_assets (0.0.2) from /home/francis/.rvm/gems/ruby-2.1.0/specifications/rails_serve_static_assets-0.0.2.gemspec
I, [2013-12-30T18:10:16.570530 #4829]  INFO -- : 0:  rails_stdout_logging (0.0.3) from /home/francis/.rvm/gems/ruby-2.1.0/specifications/rails_stdout_logging-0.0.3.gemspec
I, [2013-12-30T18:10:16.570866 #4829]  INFO -- : 0:  rails_12factor (0.0.2) from /home/francis/.rvm/gems/ruby-2.1.0/specifications/rails_12factor-0.0.2.gemspec
I, [2013-12-30T18:10:16.571199 #4829]  INFO -- : 0:  rdoc (3.12.2) from /home/francis/.rvm/gems/ruby-2.1.0/specifications/rdoc-3.12.2.gemspec
I, [2013-12-30T18:10:16.571519 #4829]  INFO -- : 0:  ref (1.0.5) from /home/francis/.rvm/gems/ruby-2.1.0/specifications/ref-1.0.5.gemspec
I, [2013-12-30T18:10:16.571954 #4829]  INFO -- : 0:  sass-rails (4.0.1) from /home/francis/.rvm/gems/ruby-2.1.0/specifications/sass-rails-4.0.1.gemspec
I, [2013-12-30T18:10:16.572287 #4829]  INFO -- : 0:  sdoc (0.3.20) from /home/francis/.rvm/gems/ruby-2.1.0/specifications/sdoc-0.3.20.gemspec
I, [2013-12-30T18:10:16.572596 #4829]  INFO -- : 0:  therubyracer (0.12.0) from /home/francis/.rvm/gems/ruby-2.1.0/specifications/therubyracer-0.12.0.gemspec
I, [2013-12-30T18:10:16.572921 #4829]  INFO -- : 0:  thin (1.6.1) from /home/francis/.rvm/gems/ruby-2.1.0/specifications/thin-1.6.1.gemspec
I, [2013-12-30T18:10:16.573253 #4829]  INFO -- : 0:  turbolinks (2.1.0) from /home/francis/.rvm/gems/ruby-2.1.0/specifications/turbolinks-2.1.0.gemspec
I, [2013-12-30T18:10:16.573588 #4829]  INFO -- : 0:  uglifier (2.4.0) from /home/francis/.rvm/gems/ruby-2.1.0/specifications/uglifier-2.4.0.gemspec
I, [2013-12-30T21:38:52.779892 #4159]  INFO -- : 0:  rake (10.1.1) from /home/francis/.rvm/gems/ruby-2.1.0/specifications/rake-10.1.1.gemspec
I, [2013-12-30T21:38:52.780665 #4159]  INFO -- : 0:  i18n (0.6.9) from /home/francis/.rvm/gems/ruby-2.1.0/specifications/i18n-0.6.9.gemspec
I, [2013-12-30T21:38:52.780974 #4159]  INFO -- : 0:  minitest (4.7.5) from /home/francis/.rvm/rubies/ruby-2.1.0/lib/ruby/gems/2.1.0/specifications/default/minitest-4.7.5.gemspec
I, [2013-12-30T21:38:52.781275 #4159]  INFO -- : 0:  multi_json (1.8.2) from /home/francis/.rvm/gems/ruby-2.1.0/specifications/multi_json-1.8.2.gemspec
I, [2013-12-30T21:38:52.781569 #4159]  INFO -- : 0:  atomic (1.1.14) from /home/francis/.rvm/gems/ruby-2.1.0/specifications/atomic-1.1.14.gemspec
I, [2013-12-30T21:38:52.781867 #4159]  INFO -- : 0:  thread_safe (0.1.3) from /home/francis/.rvm/gems/ruby-2.1.0/specifications/thread_safe-0.1.3.gemspec
I, [2013-12-30T21:38:52.782188 #4159]  INFO -- : 0:  tzinfo (0.3.38) from /home/francis/.rvm/gems/ruby-2.1.0/specifications/tzinfo-0.3.38.gemspec
I, [2013-12-30T21:38:52.782509 #4159]  INFO -- : 0:  activesupport (4.0.2) from /home/francis/.rvm/gems/ruby-2.1.0/specifications/activesupport-4.0.2.gemspec
I, [2013-12-30T21:38:52.782800 #4159]  INFO -- : 0:  builder (3.1.4) from /home/francis/.rvm/gems/ruby-2.1.0/specifications/builder-3.1.4.gemspec
I, [2013-12-30T21:38:52.783102 #4159]  INFO -- : 0:  erubis (2.7.0) from /home/francis/.rvm/gems/ruby-2.1.0/specifications/erubis-2.7.0.gemspec
I, [2013-12-30T21:38:52.783411 #4159]  INFO -- : 0:  rack (1.5.2) from /home/francis/.rvm/gems/ruby-2.1.0/specifications/rack-1.5.2.gemspec
I, [2013-12-30T21:38:52.783696 #4159]  INFO -- : 0:  rack-test (0.6.2) from /home/francis/.rvm/gems/ruby-2.1.0/specifications/rack-test-0.6.2.gemspec
I, [2013-12-30T21:38:52.784003 #4159]  INFO -- : 0:  actionpack (4.0.2) from /home/francis/.rvm/gems/ruby-2.1.0/specifications/actionpack-4.0.2.gemspec
I, [2013-12-30T21:38:52.784328 #4159]  INFO -- : 0:  mime-types (1.25.1) from /home/francis/.rvm/gems/ruby-2.1.0/specifications/mime-types-1.25.1.gemspec
I, [2013-12-30T21:38:52.784627 #4159]  INFO -- : 0:  polyglot (0.3.3) from /home/francis/.rvm/gems/ruby-2.1.0/specifications/polyglot-0.3.3.gemspec
I, [2013-12-30T21:38:52.784917 #4159]  INFO -- : 0:  treetop (1.4.15) from /home/francis/.rvm/gems/ruby-2.1.0/specifications/treetop-1.4.15.gemspec
I, [2013-12-30T21:38:52.785216 #4159]  INFO -- : 0:  mail (2.5.4) from /home/francis/.rvm/gems/ruby-2.1.0/specifications/mail-2.5.4.gemspec
I, [2013-12-30T21:38:52.785513 #4159]  INFO -- : 0:  actionmailer (4.0.2) from /home/francis/.rvm/gems/ruby-2.1.0/specifications/actionmailer-4.0.2.gemspec
I, [2013-12-30T21:38:52.785826 #4159]  INFO -- : 0:  activemodel (4.0.2) from /home/francis/.rvm/gems/ruby-2.1.0/specifications/activemodel-4.0.2.gemspec
I, [2013-12-30T21:38:52.786131 #4159]  INFO -- : 0:  activerecord-deprecated_finders (1.0.3) from /home/francis/.rvm/gems/ruby-2.1.0/specifications/activerecord-deprecated_finders-1.0.3.gemspec
I, [2013-12-30T21:38:52.786428 #4159]  INFO -- : 0:  arel (4.0.1) from /home/francis/.rvm/gems/ruby-2.1.0/specifications/arel-4.0.1.gemspec
I, [2013-12-30T21:38:52.786744 #4159]  INFO -- : 0:  activerecord (4.0.2) from /home/francis/.rvm/gems/ruby-2.1.0/specifications/activerecord-4.0.2.gemspec
I, [2013-12-30T21:38:52.787075 #4159]  INFO -- : 0:  sass (3.2.13) from /home/francis/.rvm/gems/ruby-2.1.0/specifications/sass-3.2.13.gemspec
I, [2013-12-30T21:38:52.787527 #4159]  INFO -- : 0:  bootstrap-sass (3.0.3.0) from /home/francis/.rvm/gems/ruby-2.1.0/specifications/bootstrap-sass-3.0.3.0.gemspec
I, [2013-12-30T21:38:52.788100 #4159]  INFO -- : 0:  coffee-script-source (1.6.3) from /home/francis/.rvm/gems/ruby-2.1.0/specifications/coffee-script-source-1.6.3.gemspec
I, [2013-12-30T21:38:52.788660 #4159]  INFO -- : 0:  execjs (2.0.2) from /home/francis/.rvm/gems/ruby-2.1.0/specifications/execjs-2.0.2.gemspec
I, [2013-12-30T21:38:52.789235 #4159]  INFO -- : 0:  coffee-script (2.2.0) from /home/francis/.rvm/gems/ruby-2.1.0/specifications/coffee-script-2.2.0.gemspec
I, [2013-12-30T21:38:52.789557 #4159]  INFO -- : 0:  thor (0.18.1) from /home/francis/.rvm/gems/ruby-2.1.0/specifications/thor-0.18.1.gemspec
I, [2013-12-30T21:38:52.789864 #4159]  INFO -- : 0:  railties (4.0.2) from /home/francis/.rvm/gems/ruby-2.1.0/specifications/railties-4.0.2.gemspec
I, [2013-12-30T21:38:52.790152 #4159]  INFO -- : 0:  coffee-rails (4.0.1) from /home/francis/.rvm/gems/ruby-2.1.0/specifications/coffee-rails-4.0.1.gemspec
I, [2013-12-30T21:38:52.790442 #4159]  INFO -- : 0:  daemons (1.1.9) from /home/francis/.rvm/gems/ruby-2.1.0/specifications/daemons-1.1.9.gemspec
I, [2013-12-30T21:38:52.790728 #4159]  INFO -- : 0:  eventmachine (1.0.3) from /home/francis/.rvm/gems/ruby-2.1.0/specifications/eventmachine-1.0.3.gemspec
I, [2013-12-30T21:38:52.791016 #4159]  INFO -- : 0:  tilt (1.4.1) from /home/francis/.rvm/gems/ruby-2.1.0/specifications/tilt-1.4.1.gemspec
I, [2013-12-30T21:38:52.791341 #4159]  INFO -- : 0:  haml (4.0.4) from /home/francis/.rvm/gems/ruby-2.1.0/specifications/haml-4.0.4.gemspec
I, [2013-12-30T21:38:52.791651 #4159]  INFO -- : 0:  hike (1.2.3) from /home/francis/.rvm/gems/ruby-2.1.0/specifications/hike-1.2.3.gemspec
I, [2013-12-30T21:38:52.791951 #4159]  INFO -- : 0:  jbuilder (1.5.3) from /home/francis/.rvm/gems/ruby-2.1.0/specifications/jbuilder-1.5.3.gemspec
I, [2013-12-30T21:38:52.792259 #4159]  INFO -- : 0:  jquery-rails (3.0.4) from /home/francis/.rvm/gems/ruby-2.1.0/specifications/jquery-rails-3.0.4.gemspec
I, [2013-12-30T21:38:52.792539 #4159]  INFO -- : 0:  json (1.8.1) from /home/francis/.rvm/rubies/ruby-2.1.0/lib/ruby/gems/2.1.0/specifications/default/json-1.8.1.gemspec
I, [2013-12-30T21:38:52.792863 #4159]  INFO -- : 0:  libv8 (3.16.14.3) from /home/francis/.rvm/gems/ruby-2.1.0/specifications/libv8-3.16.14.3-x86_64-linux.gemspec
I, [2013-12-30T21:38:52.793153 #4159]  INFO -- : 0:  pg (0.17.1) from /home/francis/.rvm/gems/ruby-2.1.0/specifications/pg-0.17.1.gemspec
I, [2013-12-30T21:38:52.793425 #4159]  INFO -- : 0:  bundler (1.5.1) from /home/francis/.rvm/gems/ruby-2.1.0@global/specifications/bundler-1.5.1.gemspec
I, [2013-12-30T21:38:52.793723 #4159]  INFO -- : 0:  sprockets (2.10.1) from /home/francis/.rvm/gems/ruby-2.1.0/specifications/sprockets-2.10.1.gemspec
I, [2013-12-30T21:38:52.794005 #4159]  INFO -- : 0:  sprockets-rails (2.0.1) from /home/francis/.rvm/gems/ruby-2.1.0/specifications/sprockets-rails-2.0.1.gemspec
I, [2013-12-30T21:38:52.794338 #4159]  INFO -- : 0:  rails (4.0.2) from /home/francis/.rvm/gems/ruby-2.1.0/specifications/rails-4.0.2.gemspec
I, [2013-12-30T21:38:52.794623 #4159]  INFO -- : 0:  rails_serve_static_assets (0.0.2) from /home/francis/.rvm/gems/ruby-2.1.0/specifications/rails_serve_static_assets-0.0.2.gemspec
I, [2013-12-30T21:38:52.794919 #4159]  INFO -- : 0:  rails_stdout_logging (0.0.3) from /home/francis/.rvm/gems/ruby-2.1.0/specifications/rails_stdout_logging-0.0.3.gemspec
I, [2013-12-30T21:38:52.795242 #4159]  INFO -- : 0:  rails_12factor (0.0.2) from /home/francis/.rvm/gems/ruby-2.1.0/specifications/rails_12factor-0.0.2.gemspec
I, [2013-12-30T21:38:52.795542 #4159]  INFO -- : 0:  rdoc (3.12.2) from /home/francis/.rvm/gems/ruby-2.1.0/specifications/rdoc-3.12.2.gemspec
I, [2013-12-30T21:38:52.795828 #4159]  INFO -- : 0:  ref (1.0.5) from /home/francis/.rvm/gems/ruby-2.1.0/specifications/ref-1.0.5.gemspec
I, [2013-12-30T21:38:52.796114 #4159]  INFO -- : 0:  sass-rails (4.0.1) from /home/francis/.rvm/gems/ruby-2.1.0/specifications/sass-rails-4.0.1.gemspec
I, [2013-12-30T21:38:52.796418 #4159]  INFO -- : 0:  sdoc (0.3.20) from /home/francis/.rvm/gems/ruby-2.1.0/specifications/sdoc-0.3.20.gemspec
I, [2013-12-30T21:38:52.796712 #4159]  INFO -- : 0:  therubyracer (0.12.0) from /home/francis/.rvm/gems/ruby-2.1.0/specifications/therubyracer-0.12.0.gemspec
I, [2013-12-30T21:38:52.797010 #4159]  INFO -- : 0:  thin (1.6.1) from /home/francis/.rvm/gems/ruby-2.1.0/specifications/thin-1.6.1.gemspec
I, [2013-12-30T21:38:52.797335 #4159]  INFO -- : 0:  turbolinks (2.1.0) from /home/francis/.rvm/gems/ruby-2.1.0/specifications/turbolinks-2.1.0.gemspec
I, [2013-12-30T21:38:52.797635 #4159]  INFO -- : 0:  uglifier (2.4.0) from /home/francis/.rvm/gems/ruby-2.1.0/specifications/uglifier-2.4.0.gemspec
I, [2014-01-09T23:43:16.860813 #5341]  INFO -- : 0:  rake (10.1.1) from /Users/Sabar/.rbenv/versions/2.1.0/lib/ruby/gems/2.1.0/specifications/rake-10.1.1.gemspec
I, [2014-01-09T23:43:16.869820 #5341]  INFO -- : 0:  i18n (0.6.9) from /Users/Sabar/.rbenv/versions/2.1.0/lib/ruby/gems/2.1.0/specifications/i18n-0.6.9.gemspec
I, [2014-01-09T23:43:16.870526 #5341]  INFO -- : 0:  minitest (4.7.5) from /Users/Sabar/.rbenv/versions/2.1.0/lib/ruby/gems/2.1.0/specifications/default/minitest-4.7.5.gemspec
I, [2014-01-09T23:43:16.870982 #5341]  INFO -- : 0:  multi_json (1.8.2) from /Users/Sabar/.rbenv/versions/2.1.0/lib/ruby/gems/2.1.0/specifications/multi_json-1.8.2.gemspec
I, [2014-01-09T23:43:16.871368 #5341]  INFO -- : 0:  atomic (1.1.14) from /Users/Sabar/.rbenv/versions/2.1.0/lib/ruby/gems/2.1.0/specifications/atomic-1.1.14.gemspec
I, [2014-01-09T23:43:16.871732 #5341]  INFO -- : 0:  thread_safe (0.1.3) from /Users/Sabar/.rbenv/versions/2.1.0/lib/ruby/gems/2.1.0/specifications/thread_safe-0.1.3.gemspec
I, [2014-01-09T23:43:16.872081 #5341]  INFO -- : 0:  tzinfo (0.3.38) from /Users/Sabar/.rbenv/versions/2.1.0/lib/ruby/gems/2.1.0/specifications/tzinfo-0.3.38.gemspec
I, [2014-01-09T23:43:16.872455 #5341]  INFO -- : 0:  activesupport (4.0.2) from /Users/Sabar/.rbenv/versions/2.1.0/lib/ruby/gems/2.1.0/specifications/activesupport-4.0.2.gemspec
I, [2014-01-09T23:43:16.873381 #5341]  INFO -- : 0:  builder (3.1.4) from /Users/Sabar/.rbenv/versions/2.1.0/lib/ruby/gems/2.1.0/specifications/builder-3.1.4.gemspec
I, [2014-01-09T23:43:16.874308 #5341]  INFO -- : 0:  erubis (2.7.0) from /Users/Sabar/.rbenv/versions/2.1.0/lib/ruby/gems/2.1.0/specifications/erubis-2.7.0.gemspec
I, [2014-01-09T23:43:16.874905 #5341]  INFO -- : 0:  rack (1.5.2) from /Users/Sabar/.rbenv/versions/2.1.0/lib/ruby/gems/2.1.0/specifications/rack-1.5.2.gemspec
I, [2014-01-09T23:43:16.875441 #5341]  INFO -- : 0:  rack-test (0.6.2) from /Users/Sabar/.rbenv/versions/2.1.0/lib/ruby/gems/2.1.0/specifications/rack-test-0.6.2.gemspec
I, [2014-01-09T23:43:16.876353 #5341]  INFO -- : 0:  actionpack (4.0.2) from /Users/Sabar/.rbenv/versions/2.1.0/lib/ruby/gems/2.1.0/specifications/actionpack-4.0.2.gemspec
I, [2014-01-09T23:43:16.876881 #5341]  INFO -- : 0:  mime-types (1.25.1) from /Users/Sabar/.rbenv/versions/2.1.0/lib/ruby/gems/2.1.0/specifications/mime-types-1.25.1.gemspec
I, [2014-01-09T23:43:16.877401 #5341]  INFO -- : 0:  polyglot (0.3.3) from /Users/Sabar/.rbenv/versions/2.1.0/lib/ruby/gems/2.1.0/specifications/polyglot-0.3.3.gemspec
I, [2014-01-09T23:43:16.877921 #5341]  INFO -- : 0:  treetop (1.4.15) from /Users/Sabar/.rbenv/versions/2.1.0/lib/ruby/gems/2.1.0/specifications/treetop-1.4.15.gemspec
I, [2014-01-09T23:43:16.879930 #5341]  INFO -- : 0:  mail (2.5.4) from /Users/Sabar/.rbenv/versions/2.1.0/lib/ruby/gems/2.1.0/specifications/mail-2.5.4.gemspec
I, [2014-01-09T23:43:16.880400 #5341]  INFO -- : 0:  actionmailer (4.0.2) from /Users/Sabar/.rbenv/versions/2.1.0/lib/ruby/gems/2.1.0/specifications/actionmailer-4.0.2.gemspec
I, [2014-01-09T23:43:16.880944 #5341]  INFO -- : 0:  activemodel (4.0.2) from /Users/Sabar/.rbenv/versions/2.1.0/lib/ruby/gems/2.1.0/specifications/activemodel-4.0.2.gemspec
I, [2014-01-09T23:43:16.881488 #5341]  INFO -- : 0:  activerecord-deprecated_finders (1.0.3) from /Users/Sabar/.rbenv/versions/2.1.0/lib/ruby/gems/2.1.0/specifications/activerecord-deprecated_finders-1.0.3.gemspec
I, [2014-01-09T23:43:16.882000 #5341]  INFO -- : 0:  arel (4.0.1) from /Users/Sabar/.rbenv/versions/2.1.0/lib/ruby/gems/2.1.0/specifications/arel-4.0.1.gemspec
I, [2014-01-09T23:43:16.882524 #5341]  INFO -- : 0:  activerecord (4.0.2) from /Users/Sabar/.rbenv/versions/2.1.0/lib/ruby/gems/2.1.0/specifications/activerecord-4.0.2.gemspec
I, [2014-01-09T23:43:16.883066 #5341]  INFO -- : 0:  sass (3.2.13) from /Users/Sabar/.rbenv/versions/2.1.0/lib/ruby/gems/2.1.0/specifications/sass-3.2.13.gemspec
I, [2014-01-09T23:43:16.883562 #5341]  INFO -- : 0:  bootstrap-sass (3.0.3.0) from /Users/Sabar/.rbenv/versions/2.1.0/lib/ruby/gems/2.1.0/specifications/bootstrap-sass-3.0.3.0.gemspec
I, [2014-01-09T23:43:16.884091 #5341]  INFO -- : 0:  coffee-script-source (1.6.3) from /Users/Sabar/.rbenv/versions/2.1.0/lib/ruby/gems/2.1.0/specifications/coffee-script-source-1.6.3.gemspec
I, [2014-01-09T23:43:16.884675 #5341]  INFO -- : 0:  execjs (2.0.2) from /Users/Sabar/.rbenv/versions/2.1.0/lib/ruby/gems/2.1.0/specifications/execjs-2.0.2.gemspec
I, [2014-01-09T23:43:16.885257 #5341]  INFO -- : 0:  coffee-script (2.2.0) from /Users/Sabar/.rbenv/versions/2.1.0/lib/ruby/gems/2.1.0/specifications/coffee-script-2.2.0.gemspec
I, [2014-01-09T23:43:16.885862 #5341]  INFO -- : 0:  thor (0.18.1) from /Users/Sabar/.rbenv/versions/2.1.0/lib/ruby/gems/2.1.0/specifications/thor-0.18.1.gemspec
I, [2014-01-09T23:43:16.886530 #5341]  INFO -- : 0:  railties (4.0.2) from /Users/Sabar/.rbenv/versions/2.1.0/lib/ruby/gems/2.1.0/specifications/railties-4.0.2.gemspec
I, [2014-01-09T23:43:16.887104 #5341]  INFO -- : 0:  coffee-rails (4.0.1) from /Users/Sabar/.rbenv/versions/2.1.0/lib/ruby/gems/2.1.0/specifications/coffee-rails-4.0.1.gemspec
I, [2014-01-09T23:43:16.887589 #5341]  INFO -- : 0:  daemons (1.1.9) from /Users/Sabar/.rbenv/versions/2.1.0/lib/ruby/gems/2.1.0/specifications/daemons-1.1.9.gemspec
I, [2014-01-09T23:43:16.888087 #5341]  INFO -- : 0:  eventmachine (1.0.3) from /Users/Sabar/.rbenv/versions/2.1.0/lib/ruby/gems/2.1.0/specifications/eventmachine-1.0.3.gemspec
I, [2014-01-09T23:43:16.888612 #5341]  INFO -- : 0:  tilt (1.4.1) from /Users/Sabar/.rbenv/versions/2.1.0/lib/ruby/gems/2.1.0/specifications/tilt-1.4.1.gemspec
I, [2014-01-09T23:43:16.889124 #5341]  INFO -- : 0:  haml (4.0.4) from /Users/Sabar/.rbenv/versions/2.1.0/lib/ruby/gems/2.1.0/specifications/haml-4.0.4.gemspec
I, [2014-01-09T23:43:16.889639 #5341]  INFO -- : 0:  hike (1.2.3) from /Users/Sabar/.rbenv/versions/2.1.0/lib/ruby/gems/2.1.0/specifications/hike-1.2.3.gemspec
I, [2014-01-09T23:43:16.890162 #5341]  INFO -- : 0:  jbuilder (1.5.3) from /Users/Sabar/.rbenv/versions/2.1.0/lib/ruby/gems/2.1.0/specifications/jbuilder-1.5.3.gemspec
I, [2014-01-09T23:43:16.890504 #5341]  INFO -- : 0:  jquery-rails (3.0.4) from /Users/Sabar/.rbenv/versions/2.1.0/lib/ruby/gems/2.1.0/specifications/jquery-rails-3.0.4.gemspec
I, [2014-01-09T23:43:16.890840 #5341]  INFO -- : 0:  json (1.8.1) from /Users/Sabar/.rbenv/versions/2.1.0/lib/ruby/gems/2.1.0/specifications/default/json-1.8.1.gemspec
I, [2014-01-09T23:43:16.891235 #5341]  INFO -- : 0:  libv8 (3.16.14.3) from /Users/Sabar/.rbenv/versions/2.1.0/lib/ruby/gems/2.1.0/specifications/libv8-3.16.14.3-x86_64-darwin-12.gemspec
I, [2014-01-09T23:43:16.891639 #5341]  INFO -- : 0:  pg (0.17.1) from /Users/Sabar/.rbenv/versions/2.1.0/lib/ruby/gems/2.1.0/specifications/pg-0.17.1.gemspec
I, [2014-01-09T23:43:16.891946 #5341]  INFO -- : 0:  bundler (1.5.1) from /Users/Sabar/.rbenv/versions/2.1.0/lib/ruby/gems/2.1.0/specifications/bundler-1.5.1.gemspec
I, [2014-01-09T23:43:16.892289 #5341]  INFO -- : 0:  sprockets (2.10.1) from /Users/Sabar/.rbenv/versions/2.1.0/lib/ruby/gems/2.1.0/specifications/sprockets-2.10.1.gemspec
I, [2014-01-09T23:43:16.892611 #5341]  INFO -- : 0:  sprockets-rails (2.0.1) from /Users/Sabar/.rbenv/versions/2.1.0/lib/ruby/gems/2.1.0/specifications/sprockets-rails-2.0.1.gemspec
I, [2014-01-09T23:43:16.892945 #5341]  INFO -- : 0:  rails (4.0.2) from /Users/Sabar/.rbenv/versions/2.1.0/lib/ruby/gems/2.1.0/specifications/rails-4.0.2.gemspec
I, [2014-01-09T23:43:16.893304 #5341]  INFO -- : 0:  rails_serve_static_assets (0.0.2) from /Users/Sabar/.rbenv/versions/2.1.0/lib/ruby/gems/2.1.0/specifications/rails_serve_static_assets-0.0.2.gemspec
I, [2014-01-09T23:43:16.893886 #5341]  INFO -- : 0:  rails_stdout_logging (0.0.3) from /Users/Sabar/.rbenv/versions/2.1.0/lib/ruby/gems/2.1.0/specifications/rails_stdout_logging-0.0.3.gemspec
I, [2014-01-09T23:43:16.894486 #5341]  INFO -- : 0:  rails_12factor (0.0.2) from /Users/Sabar/.rbenv/versions/2.1.0/lib/ruby/gems/2.1.0/specifications/rails_12factor-0.0.2.gemspec
I, [2014-01-09T23:43:16.894947 #5341]  INFO -- : 0:  rdoc (3.12.2) from /Users/Sabar/.rbenv/versions/2.1.0/lib/ruby/gems/2.1.0/specifications/rdoc-3.12.2.gemspec
I, [2014-01-09T23:43:16.895305 #5341]  INFO -- : 0:  ref (1.0.5) from /Users/Sabar/.rbenv/versions/2.1.0/lib/ruby/gems/2.1.0/specifications/ref-1.0.5.gemspec
I, [2014-01-09T23:43:16.895788 #5341]  INFO -- : 0:  sass-rails (4.0.1) from /Users/Sabar/.rbenv/versions/2.1.0/lib/ruby/gems/2.1.0/specifications/sass-rails-4.0.1.gemspec
I, [2014-01-09T23:43:16.897642 #5341]  INFO -- : 0:  sdoc (0.3.20) from /Users/Sabar/.rbenv/versions/2.1.0/lib/ruby/gems/2.1.0/specifications/sdoc-0.3.20.gemspec
I, [2014-01-09T23:43:16.898154 #5341]  INFO -- : 0:  therubyracer (0.12.0) from /Users/Sabar/.rbenv/versions/2.1.0/lib/ruby/gems/2.1.0/specifications/therubyracer-0.12.0.gemspec
I, [2014-01-09T23:43:16.898576 #5341]  INFO -- : 0:  thin (1.6.1) from /Users/Sabar/.rbenv/versions/2.1.0/lib/ruby/gems/2.1.0/specifications/thin-1.6.1.gemspec
I, [2014-01-09T23:43:16.899004 #5341]  INFO -- : 0:  turbolinks (2.1.0) from /Users/Sabar/.rbenv/versions/2.1.0/lib/ruby/gems/2.1.0/specifications/turbolinks-2.1.0.gemspec
I, [2014-01-09T23:43:16.899394 #5341]  INFO -- : 0:  uglifier (2.4.0) from /Users/Sabar/.rbenv/versions/2.1.0/lib/ruby/gems/2.1.0/specifications/uglifier-2.4.0.gemspec
